[
  {
    "level": "INFO",
    "message": "android.ndkVersion from module build.gradle is 21.1.6352462"
  },
  {
    "level": "INFO",
    "message": "ndk.dir in local.properties is not set"
  },
  {
    "level": "INFO",
    "message": "ANDROID_NDK_HOME environment variable is not set"
  },
  {
    "level": "INFO",
    "message": "sdkFolder is /Users/luningyuan/Library/Android/sdk"
  },
  {
    "level": "INFO",
    "message": "Considering /Users/luningyuan/Library/Android/sdk/ndk-bundle in SDK ndk-bundle folder"
  },
  {
    "level": "INFO",
    "message": "Considering /Users/luningyuan/Library/Android/sdk/ndk/21.1.6352462 in SDK ndk folder"
  },
  {
    "level": "INFO",
    "message": "Found requested NDK version 21.1.6352462 at /Users/luningyuan/Library/Android/sdk/ndk/21.1.6352462"
  }
]